<?xml version="1.0" encoding="UTF-8"?>
<!-- Generated by org.testng.reporters.JUnitXMLReporter -->
<testsuite hostname="Piyush" ignored="0" name="ProviderTest" tests="3" failures="0" timestamp="17 Sep 2022 14:41:28 GMT" time="1.01" errors="0">
  <testcase name="@BeforeTest createReport" time="0.026" classname="core.Page">
    <skipped/>
  </testcase> <!-- @BeforeTest createReport -->
  <testcase name="@BeforeClass getexternalxpath" time="0.0" classname="core.Page">
    <skipped/>
  </testcase> <!-- @BeforeClass getexternalxpath -->
  <testcase name="@BeforeMethod openBrowser" time="0.0" classname="core.Page">
    <skipped/>
  </testcase> <!-- @BeforeMethod openBrowser -->
  <testcase name="@BeforeMethod openBrowser" time="0.0" classname="core.Page">
    <skipped/>
  </testcase> <!-- @BeforeMethod openBrowser -->
  <testcase name="@BeforeMethod openBrowser" time="0.0" classname="core.Page">
    <skipped/>
  </testcase> <!-- @BeforeMethod openBrowser -->
  <testcase name="@AfterTest endReport" time="0.0" classname="core.Page">
    <skipped/>
  </testcase> <!-- @AfterTest endReport -->
  <testcase name="providerlogin" time="0.01" classname="testcases.ProviderLoginTest">
    <skipped/>
  </testcase> <!-- providerlogin -->
  <testcase name="providerlogin" time="0.0" classname="testcases.ProviderLoginTest">
    <skipped/>
  </testcase> <!-- providerlogin -->
  <testcase name="providerlogin" time="0.0" classname="testcases.ProviderLoginTest">
    <skipped/>
  </testcase> <!-- providerlogin -->
</testsuite> <!-- ProviderTest -->
