<?xml version="1.0" encoding="UTF-8"?>
<!-- Generated by org.testng.reporters.JUnitXMLReporter -->
<testsuite hostname="Piyush" ignored="0" name="ProviderTest" tests="3" failures="0" timestamp="24 Mar 2023 02:14:18 GMT" time="25.447" errors="0">
  <testcase name="@AfterTest endReport" time="0.462" classname="core.Page">
    <failure type="java.lang.NoClassDefFoundError" message="com/sun/mail/util/MailLogger">
      <![CDATA[java.lang.NoClassDefFoundError: com/sun/mail/util/MailLogger
	at javax.mail.Session.initLogger(Session.java:261)
	at javax.mail.Session.<init>(Session.java:245)
	at javax.mail.Session.getDefaultInstance(Session.java:356)
	at utility.monitoringMail.sendMail(monitoringMail.java:44)
	at core.Page.endReport(Page.java:154)
Caused by: java.lang.ClassNotFoundException: com.sun.mail.util.MailLogger
	at java.net.URLClassLoader.findClass(Unknown Source)
	at java.lang.ClassLoader.loadClass(Unknown Source)
	at sun.misc.Launcher$AppClassLoader.loadClass(Unknown Source)
	at java.lang.ClassLoader.loadClass(Unknown Source)
	... 28 more
... Removed 23 stack frames]]>
    </failure>
  </testcase> <!-- @AfterTest endReport -->
  <testcase name="providerlogin" time="1.152" classname="testcases.ProviderLoginTest"/>
  <testcase name="providerlogin" time="0.002" classname="testcases.ProviderLoginTest">
    <skipped/>
  </testcase> <!-- providerlogin -->
  <testcase name="providerlogin" time="0.313" classname="testcases.ProviderLoginTest"/>
</testsuite> <!-- ProviderTest -->
