<?xml version="1.0" encoding="UTF-8"?>
<!-- Generated by org.testng.reporters.JUnitXMLReporter -->
<testsuite hostname="Piyush" ignored="0" name="SeekerTest" tests="3" failures="0" timestamp="26 Sep 2022 03:51:08 GMT" time="18.397" errors="0">
  <testcase name="@AfterTest endReport" time="0.102" classname="core.Page">
    <failure type="java.lang.NoClassDefFoundError" message="com/sun/mail/util/MailLogger">
      <![CDATA[java.lang.NoClassDefFoundError: com/sun/mail/util/MailLogger
	at javax.mail.Session.initLogger(Session.java:261)
	at javax.mail.Session.<init>(Session.java:245)
	at javax.mail.Session.getDefaultInstance(Session.java:356)
	at utility.monitoringMail.sendMail(monitoringMail.java:44)
	at core.Page.endReport(Page.java:154)
... Removed 23 stack frames]]>
    </failure>
  </testcase> <!-- @AfterTest endReport -->
  <testcase name="seekerlogin" time="0.422" classname="testcases.SeekerLoginTest"/>
  <testcase name="seekerlogin" time="0.413" classname="testcases.SeekerLoginTest"/>
  <testcase name="seekerlogin" time="0.394" classname="testcases.SeekerLoginTest"/>
</testsuite> <!-- SeekerTest -->
