<?xml version="1.0" encoding="UTF-8"?>
<!-- Generated by org.testng.reporters.JUnitXMLReporter -->
<testsuite hostname="Piyush" ignored="0" name="Test" tests="3" failures="0" timestamp="05 Aug 2022 16:55:41 GMT" time="32.115" errors="0">
  <testcase name="@AfterTest endReport" time="0.442" classname="core.Page">
    <failure type="java.lang.NoClassDefFoundError" message="com/sun/mail/util/MailLogger">
      <![CDATA[java.lang.NoClassDefFoundError: com/sun/mail/util/MailLogger
	at javax.mail.Session.initLogger(Session.java:261)
	at javax.mail.Session.<init>(Session.java:245)
	at javax.mail.Session.getDefaultInstance(Session.java:356)
	at utility.monitoringMail.sendMail(monitoringMail.java:44)
	at core.Page.endReport(Page.java:138)
Caused by: java.lang.ClassNotFoundException: com.sun.mail.util.MailLogger
	at java.net.URLClassLoader.findClass(Unknown Source)
	at java.lang.ClassLoader.loadClass(Unknown Source)
	at sun.misc.Launcher$AppClassLoader.loadClass(Unknown Source)
	at java.lang.ClassLoader.loadClass(Unknown Source)
	... 28 more
... Removed 23 stack frames]]>
    </failure>
  </testcase> <!-- @AfterTest endReport -->
  <testcase name="login" time="0.492" classname="testcases.ProviderLoginTest"/>
  <testcase name="login" time="0.852" classname="testcases.ProviderLoginTest"/>
  <testcase name="login" time="0.463" classname="testcases.ProviderLoginTest"/>
</testsuite> <!-- Test -->
