<?xml version="1.0" encoding="UTF-8"?>
<!-- Generated by org.testng.reporters.JUnitXMLReporter -->
<testsuite hostname="Piyush" ignored="0" name="ProviderTest" tests="1" failures="1" timestamp="2023-04-22T16:33:50 IST" time="1.376" errors="0">
  <testcase name="@AfterTest endReport" time="0.541" classname="core.Page">
    <failure type="java.lang.NoClassDefFoundError" message="com/sun/mail/util/MailLogger">
      <![CDATA[java.lang.NoClassDefFoundError: com/sun/mail/util/MailLogger
at javax.mail.Session.initLogger(Session.java:261)
at javax.mail.Session.<init>(Session.java:245)
at javax.mail.Session.getDefaultInstance(Session.java:356)
at utility.monitoringMail.sendMail(monitoringMail.java:44)
at core.Page.endReport(Page.java:154)
Caused by: java.lang.ClassNotFoundException: com.sun.mail.util.MailLogger
at java.net.URLClassLoader.findClass(URLClassLoader.java:382)
at java.lang.ClassLoader.loadClass(ClassLoader.java:418)
at sun.misc.Launcher$AppClassLoader.loadClass(Launcher.java:355)
at java.lang.ClassLoader.loadClass(ClassLoader.java:351)
... 33 more
... Removed 28 stack frames]]>
    </failure>
  </testcase> <!-- @AfterTest endReport -->
  <testcase name="providerlogin" time="0.483" classname="testcases.ProviderLoginTest">
    <failure type="org.testng.internal.reflect.MethodMatcherException" message="
[public void testcases.ProviderLoginTest.providerlogin(java.lang.String,java.lang.String,java.lang.String)] has no parameters defined but was found to be using a data provider (either explicitly specified or inherited from class level annotation).
Data provider mismatch
Method: providerlogin([Parameter{index=0, type=java.lang.String, declaredAnnotations=[]}, Parameter{index=1, type=java.lang.String, declaredAnnotations=[]}, Parameter{index=2, type=java.lang.String, declaredAnnotations=[]}])
Arguments: [(java.lang.String) parag,(java.lang.String) saxena]">
      <![CDATA[org.testng.internal.reflect.MethodMatcherException: 
[public void testcases.ProviderLoginTest.providerlogin(java.lang.String,java.lang.String,java.lang.String)] has no parameters defined but was found to be using a data provider (either explicitly specified or inherited from class level annotation).
Data provider mismatch
Method: providerlogin([Parameter{index=0, type=java.lang.String, declaredAnnotations=[]}, Parameter{index=1, type=java.lang.String, declaredAnnotations=[]}, Parameter{index=2, type=java.lang.String, declaredAnnotations=[]}])
Arguments: [(java.lang.String) parag,(java.lang.String) saxena]
at java.util.ArrayList.forEach(ArrayList.java:1257)
... Removed 26 stack frames]]>
    </failure>
  </testcase> <!-- providerlogin -->
</testsuite> <!-- ProviderTest -->
